<?xml version="1.0" encoding="UTF-8"?>
<testsuite name="CacheTest" tests="1" skipped="0" failures="0" errors="0" timestamp="2021-06-04T16:37:05" hostname="pb0b0872468" time="0.002">
  <properties/>
  <testcase name="validateExpirationTimeTest" classname="CacheTest" time="0.002"/>
  <system-out><![CDATA[]]></system-out>
  <system-err><![CDATA[]]></system-err>
</testsuite>
